<?xml version="1.0" encoding="UTF-8"?>
<!-- Generated by org.testng.reporters.JUnitXMLReporter -->
<testsuite ignored="7" hostname="MacBook-Pro-de-Jose.local" failures="0" tests="3" name="Shop requirement" time="61.84" errors="0" timestamp="2022-03-18T01:37:05 CST">
  <testcase classname="exercise4.Exercise4" name="tc_REQ001_001" time="6.217"/>
  <testcase classname="exercise4.Exercise4" name="tc_REQ003_001" time="3.487"/>
  <testcase classname="exercise4.Exercise4" name="tc_REQ005_001" time="25.519"/>
  <testcase classname="exercise4.Exercise4" name="tc_REQ010_001" time="0.0">
    <ignored/>
  </testcase> <!-- tc_REQ010_001 -->
  <testcase classname="exercise4.Exercise4" name="tc_REQ011_001" time="0.0">
    <ignored/>
  </testcase> <!-- tc_REQ011_001 -->
  <testcase classname="exercise4.Exercise4" name="tc_REQ007_002" time="0.0">
    <ignored/>
  </testcase> <!-- tc_REQ007_002 -->
  <testcase classname="exercise4.Exercise4" name="tc_REQ008_001" time="0.0">
    <ignored/>
  </testcase> <!-- tc_REQ008_001 -->
  <testcase classname="exercise4.Exercise4" name="tc_REQ007_003" time="0.0">
    <ignored/>
  </testcase> <!-- tc_REQ007_003 -->
  <testcase classname="exercise4.Exercise4" name="tc_REQ007_001" time="0.0">
    <ignored/>
  </testcase> <!-- tc_REQ007_001 -->
  <testcase classname="exercise4.Exercise4" name="tc_REQ009_001" time="0.0">
    <ignored/>
  </testcase> <!-- tc_REQ009_001 -->
</testsuite> <!-- Shop requirement -->
