<?xml version="1.0" encoding="UTF-8"?>
<!-- Generated by org.testng.reporters.JUnitXMLReporter -->
<testsuite ignored="6" hostname="MacBook-Pro-de-Jose.local" failures="3" tests="4" name="Cart page requirements" time="147.697" errors="0" timestamp="2022-03-18T01:44:38 CST">
  <testcase classname="exercise4.Exercise4" name="tc_REQ008_001" time="28.801">
    <failure type="org.openqa.selenium.NoSuchElementException" message="no such element: Unable to locate element: {&amp;quot;method&amp;quot;:&amp;quot;xpath&amp;quot;,&amp;quot;selector&amp;quot;:&amp;quot;//*[@id=&amp;apos;post-7&amp;apos;]/div/div[2]/form/table/tbody/tr[1]/td[3]/a&amp;quot;}
  (Session info: chrome=99.0.4844.74)
For documentation on this error, please visit: https://selenium.dev/exceptions/#no_such_element
Build info: version: &amp;apos;4.1.2&amp;apos;, revision: &amp;apos;9a5a329c5a&amp;apos;
System info: host: &amp;apos;MacBook-Pro-de-Jose.local&amp;apos;, ip: &amp;apos;2806:10a6:10:1121:3858:c543:f834:4424%en0&amp;apos;, os.name: &amp;apos;Mac OS X&amp;apos;, os.arch: &amp;apos;x86_64&amp;apos;, os.version: &amp;apos;11.5&amp;apos;, java.version: &amp;apos;11.0.13&amp;apos;
Driver info: org.openqa.selenium.chrome.ChromeDriver
Command: [3b1e17f68896633d02cfd85b782089af, findElement {using=xpath, value=//*[@id=&amp;apos;post-7&amp;apos;]/div/div[2]/form/table/tbody/tr[1]/td[3]/a}]
Capabilities {acceptInsecureCerts: false, browserName: chrome, browserVersion: 99.0.4844.74, chrome: {chromedriverVersion: 99.0.4844.51 (d537ec02474b5..., userDataDir: /var/folders/sg/6x9hbzhs5kn...}, goog:chromeOptions: {debuggerAddress: localhost:55755}, javascriptEnabled: true, networkConnectionEnabled: false, pageLoadStrategy: normal, platform: MAC, platformName: MAC, proxy: Proxy(), se:cdp: ws://localhost:55755/devtoo..., se:cdpVersion: 99.0.4844.74, setWindowRect: true, strictFileInteractability: false, timeouts: {implicit: 0, pageLoad: 300000, script: 30000}, unhandledPromptBehavior: dismiss and notify, webauthn:extension:credBlob: true, webauthn:extension:largeBlob: true, webauthn:virtualAuthenticators: true}
Session ID: 3b1e17f68896633d02cfd85b782089af">
      <![CDATA[org.openqa.selenium.NoSuchElementException: no such element: Unable to locate element: {"method":"xpath","selector":"//*[@id='post-7']/div/div[2]/form/table/tbody/tr[1]/td[3]/a"}
  (Session info: chrome=99.0.4844.74)
For documentation on this error, please visit: https://selenium.dev/exceptions/#no_such_element
Build info: version: '4.1.2', revision: '9a5a329c5a'
System info: host: 'MacBook-Pro-de-Jose.local', ip: '2806:10a6:10:1121:3858:c543:f834:4424%en0', os.name: 'Mac OS X', os.arch: 'x86_64', os.version: '11.5', java.version: '11.0.13'
Driver info: org.openqa.selenium.chrome.ChromeDriver
Command: [3b1e17f68896633d02cfd85b782089af, findElement {using=xpath, value=//*[@id='post-7']/div/div[2]/form/table/tbody/tr[1]/td[3]/a}]
Capabilities {acceptInsecureCerts: false, browserName: chrome, browserVersion: 99.0.4844.74, chrome: {chromedriverVersion: 99.0.4844.51 (d537ec02474b5..., userDataDir: /var/folders/sg/6x9hbzhs5kn...}, goog:chromeOptions: {debuggerAddress: localhost:55755}, javascriptEnabled: true, networkConnectionEnabled: false, pageLoadStrategy: normal, platform: MAC, platformName: MAC, proxy: Proxy(), se:cdp: ws://localhost:55755/devtoo..., se:cdpVersion: 99.0.4844.74, setWindowRect: true, strictFileInteractability: false, timeouts: {implicit: 0, pageLoad: 300000, script: 30000}, unhandledPromptBehavior: dismiss and notify, webauthn:extension:credBlob: true, webauthn:extension:largeBlob: true, webauthn:virtualAuthenticators: true}
Session ID: 3b1e17f68896633d02cfd85b782089af
at org.openqa.selenium.remote.codec.w3c.W3CHttpResponseCodec.createException(W3CHttpResponseCodec.java:200)
at org.openqa.selenium.remote.codec.w3c.W3CHttpResponseCodec.decode(W3CHttpResponseCodec.java:133)
at org.openqa.selenium.remote.codec.w3c.W3CHttpResponseCodec.decode(W3CHttpResponseCodec.java:53)
at org.openqa.selenium.remote.HttpCommandExecutor.execute(HttpCommandExecutor.java:184)
at org.openqa.selenium.remote.service.DriverCommandExecutor.invokeExecute(DriverCommandExecutor.java:167)
at org.openqa.selenium.remote.service.DriverCommandExecutor.execute(DriverCommandExecutor.java:142)
at org.openqa.selenium.remote.RemoteWebDriver.execute(RemoteWebDriver.java:558)
at org.openqa.selenium.remote.ElementLocation$ElementFinder$2.findElement(ElementLocation.java:162)
at org.openqa.selenium.remote.ElementLocation.findElement(ElementLocation.java:60)
at org.openqa.selenium.remote.RemoteWebDriver.findElement(RemoteWebDriver.java:382)
at org.openqa.selenium.remote.RemoteWebDriver.findElement(RemoteWebDriver.java:374)
at exercise4.Exercise4.tc_REQ008_001(Exercise4.java:342)
at java.base/java.util.ArrayList.forEach(ArrayList.java:1541)
... Removed 31 stack frames]]>
    </failure>
  </testcase> <!-- tc_REQ008_001 -->
  <testcase classname="exercise4.Exercise4" name="tc_REQ009_001" time="23.247">
    <failure type="java.lang.AssertionError" message="expected [true] but found [false]">
      <![CDATA[java.lang.AssertionError: expected [true] but found [false]
at exercise4.Exercise4.tc_REQ009_001(Exercise4.java:314)
at java.base/java.util.ArrayList.forEach(ArrayList.java:1541)
... Removed 31 stack frames]]>
    </failure>
  </testcase> <!-- tc_REQ009_001 -->
  <testcase classname="exercise4.Exercise4" name="tc_REQ010_001" time="28.918">
    <failure type="org.openqa.selenium.NoSuchElementException" message="no such element: Unable to locate element: {&amp;quot;method&amp;quot;:&amp;quot;xpath&amp;quot;,&amp;quot;selector&amp;quot;:&amp;quot;//*[@id=&amp;apos;post-7&amp;apos;]/div/div[2]/div[1]/div&amp;quot;}
  (Session info: chrome=99.0.4844.74)
For documentation on this error, please visit: https://selenium.dev/exceptions/#no_such_element
Build info: version: &amp;apos;4.1.2&amp;apos;, revision: &amp;apos;9a5a329c5a&amp;apos;
System info: host: &amp;apos;MacBook-Pro-de-Jose.local&amp;apos;, ip: &amp;apos;2806:10a6:10:1121:3858:c543:f834:4424%en0&amp;apos;, os.name: &amp;apos;Mac OS X&amp;apos;, os.arch: &amp;apos;x86_64&amp;apos;, os.version: &amp;apos;11.5&amp;apos;, java.version: &amp;apos;11.0.13&amp;apos;
Driver info: org.openqa.selenium.chrome.ChromeDriver
Command: [7560dd4d7517774fe4933b56ca2647df, findElement {using=xpath, value=//*[@id=&amp;apos;post-7&amp;apos;]/div/div[2]/div[1]/div}]
Capabilities {acceptInsecureCerts: false, browserName: chrome, browserVersion: 99.0.4844.74, chrome: {chromedriverVersion: 99.0.4844.51 (d537ec02474b5..., userDataDir: /var/folders/sg/6x9hbzhs5kn...}, goog:chromeOptions: {debuggerAddress: localhost:55976}, javascriptEnabled: true, networkConnectionEnabled: false, pageLoadStrategy: normal, platform: MAC, platformName: MAC, proxy: Proxy(), se:cdp: ws://localhost:55976/devtoo..., se:cdpVersion: 99.0.4844.74, setWindowRect: true, strictFileInteractability: false, timeouts: {implicit: 0, pageLoad: 300000, script: 30000}, unhandledPromptBehavior: dismiss and notify, webauthn:extension:credBlob: true, webauthn:extension:largeBlob: true, webauthn:virtualAuthenticators: true}
Session ID: 7560dd4d7517774fe4933b56ca2647df">
      <![CDATA[org.openqa.selenium.NoSuchElementException: no such element: Unable to locate element: {"method":"xpath","selector":"//*[@id='post-7']/div/div[2]/div[1]/div"}
  (Session info: chrome=99.0.4844.74)
For documentation on this error, please visit: https://selenium.dev/exceptions/#no_such_element
Build info: version: '4.1.2', revision: '9a5a329c5a'
System info: host: 'MacBook-Pro-de-Jose.local', ip: '2806:10a6:10:1121:3858:c543:f834:4424%en0', os.name: 'Mac OS X', os.arch: 'x86_64', os.version: '11.5', java.version: '11.0.13'
Driver info: org.openqa.selenium.chrome.ChromeDriver
Command: [7560dd4d7517774fe4933b56ca2647df, findElement {using=xpath, value=//*[@id='post-7']/div/div[2]/div[1]/div}]
Capabilities {acceptInsecureCerts: false, browserName: chrome, browserVersion: 99.0.4844.74, chrome: {chromedriverVersion: 99.0.4844.51 (d537ec02474b5..., userDataDir: /var/folders/sg/6x9hbzhs5kn...}, goog:chromeOptions: {debuggerAddress: localhost:55976}, javascriptEnabled: true, networkConnectionEnabled: false, pageLoadStrategy: normal, platform: MAC, platformName: MAC, proxy: Proxy(), se:cdp: ws://localhost:55976/devtoo..., se:cdpVersion: 99.0.4844.74, setWindowRect: true, strictFileInteractability: false, timeouts: {implicit: 0, pageLoad: 300000, script: 30000}, unhandledPromptBehavior: dismiss and notify, webauthn:extension:credBlob: true, webauthn:extension:largeBlob: true, webauthn:virtualAuthenticators: true}
Session ID: 7560dd4d7517774fe4933b56ca2647df
at org.openqa.selenium.remote.codec.w3c.W3CHttpResponseCodec.createException(W3CHttpResponseCodec.java:200)
at org.openqa.selenium.remote.codec.w3c.W3CHttpResponseCodec.decode(W3CHttpResponseCodec.java:133)
at org.openqa.selenium.remote.codec.w3c.W3CHttpResponseCodec.decode(W3CHttpResponseCodec.java:53)
at org.openqa.selenium.remote.HttpCommandExecutor.execute(HttpCommandExecutor.java:184)
at org.openqa.selenium.remote.service.DriverCommandExecutor.invokeExecute(DriverCommandExecutor.java:167)
at org.openqa.selenium.remote.service.DriverCommandExecutor.execute(DriverCommandExecutor.java:142)
at org.openqa.selenium.remote.RemoteWebDriver.execute(RemoteWebDriver.java:558)
at org.openqa.selenium.remote.ElementLocation$ElementFinder$2.findElement(ElementLocation.java:162)
at org.openqa.selenium.remote.ElementLocation.findElement(ElementLocation.java:60)
at org.openqa.selenium.remote.RemoteWebDriver.findElement(RemoteWebDriver.java:382)
at org.openqa.selenium.remote.RemoteWebDriver.findElement(RemoteWebDriver.java:374)
at exercise4.Exercise4.tc_REQ010_001(Exercise4.java:177)
at java.base/java.util.ArrayList.forEach(ArrayList.java:1541)
... Removed 31 stack frames]]>
    </failure>
  </testcase> <!-- tc_REQ010_001 -->
  <testcase classname="exercise4.Exercise4" name="tc_REQ011_001" time="38.085"/>
  <testcase classname="exercise4.Exercise4" name="tc_REQ007_003" time="0.0">
    <ignored/>
  </testcase> <!-- tc_REQ007_003 -->
  <testcase classname="exercise4.Exercise4" name="tc_REQ007_002" time="0.0">
    <ignored/>
  </testcase> <!-- tc_REQ007_002 -->
  <testcase classname="exercise4.Exercise4" name="tc_REQ001_001" time="0.0">
    <ignored/>
  </testcase> <!-- tc_REQ001_001 -->
  <testcase classname="exercise4.Exercise4" name="tc_REQ003_001" time="0.0">
    <ignored/>
  </testcase> <!-- tc_REQ003_001 -->
  <testcase classname="exercise4.Exercise4" name="tc_REQ007_001" time="0.0">
    <ignored/>
  </testcase> <!-- tc_REQ007_001 -->
  <testcase classname="exercise4.Exercise4" name="tc_REQ005_001" time="0.0">
    <ignored/>
  </testcase> <!-- tc_REQ005_001 -->
</testsuite> <!-- Cart page requirements -->
