<?xml version="1.0" encoding="UTF-8"?>
<!-- Generated by org.testng.reporters.JUnitXMLReporter -->
<testsuite ignored="7" hostname="MacBook-Pro-de-Jose.local" failures="3" tests="3" name="Shop requirement(failed)" time="0.049" errors="0" timestamp="2022-03-18T01:33:21 CST">
  <testcase classname="exercise4.Exercise4" name="tc_REQ003_001" time="0.007">
    <failure type="java.lang.NullPointerException">
      <![CDATA[java.lang.NullPointerException
at exercise4.Exercise4.tc_REQ003_001(Exercise4.java:58)
at java.base/java.util.ArrayList.forEach(ArrayList.java:1541)
... Removed 27 stack frames]]>
    </failure>
  </testcase> <!-- tc_REQ003_001 -->
  <testcase classname="exercise4.Exercise4" name="tc_REQ001_001" time="0.001">
    <failure type="java.lang.NullPointerException">
      <![CDATA[java.lang.NullPointerException
at exercise4.Exercise4.tc_REQ001_001(Exercise4.java:35)
at java.base/java.util.ArrayList.forEach(ArrayList.java:1541)
... Removed 27 stack frames]]>
    </failure>
  </testcase> <!-- tc_REQ001_001 -->
  <testcase classname="exercise4.Exercise4" name="tc_REQ005_001" time="0.001">
    <failure type="java.lang.NullPointerException">
      <![CDATA[java.lang.NullPointerException
at exercise4.Exercise4.tc_REQ005_001(Exercise4.java:70)
at java.base/java.util.ArrayList.forEach(ArrayList.java:1541)
... Removed 27 stack frames]]>
    </failure>
  </testcase> <!-- tc_REQ005_001 -->
  <testcase classname="exercise4.Exercise4" name="tc_REQ008_001" time="0.0">
    <ignored/>
  </testcase> <!-- tc_REQ008_001 -->
  <testcase classname="exercise4.Exercise4" name="tc_REQ007_003" time="0.0">
    <ignored/>
  </testcase> <!-- tc_REQ007_003 -->
  <testcase classname="exercise4.Exercise4" name="tc_REQ011_001" time="0.0">
    <ignored/>
  </testcase> <!-- tc_REQ011_001 -->
  <testcase classname="exercise4.Exercise4" name="tc_REQ010_001" time="0.0">
    <ignored/>
  </testcase> <!-- tc_REQ010_001 -->
  <testcase classname="exercise4.Exercise4" name="tc_REQ007_002" time="0.0">
    <ignored/>
  </testcase> <!-- tc_REQ007_002 -->
  <testcase classname="exercise4.Exercise4" name="tc_REQ007_001" time="0.0">
    <ignored/>
  </testcase> <!-- tc_REQ007_001 -->
  <testcase classname="exercise4.Exercise4" name="tc_REQ009_001" time="0.0">
    <ignored/>
  </testcase> <!-- tc_REQ009_001 -->
</testsuite> <!-- Shop requirement(failed) -->
